# JRE version: OpenJDK Runtime Environment (17.0.6) (build 17.0.6+0-b2043.56-10027231)
# Java VM: OpenJDK 64-Bit Server VM (17.0.6+0-b2043.56-10027231, mixed mode, tiered, compressed oops, compressed class ptrs, g1 gc, windows-amd64)
GC Precious Log:
 CPUs: 12 total, 12 available
 Memory: 16251M
 Large Page Support: Disabled
 NUMA Support: Disabled
 Compressed Oops: Enabled (32-bit)
 Heap Region Size: 1M
 Heap Min Capacity: 8M
 Heap Initial Capacity: 254M
 Heap Max Capacity: 2G
 Pre-touch: Disabled
 Parallel Workers: 10
 Concurrent Workers: 3
 Concurrent Refinement Workers: 10
 Periodic GC: Disabled
Heap:
 garbage-first heap   total 218112K, used 82598K [0x0000000080000000, 0x0000000100000000)
  region size 1024K, 6 young (6144K), 6 survivors (6144K)
 Metaspace       used 94395K, committed 94976K, reserved 1138688K
  class space    used 12822K, committed 13120K, reserved 1048576K
GC Heap History (20 events):
Event: 8.096 GC heap after
{Heap after GC invocations=18 (full 0):
 garbage-first heap   total 119808K, used 63947K [0x0000000080000000, 0x0000000100000000)
  region size 1024K, 6 young (6144K), 6 survivors (6144K)
 Metaspace       used 65180K, committed 65728K, reserved 1105920K
  class space    used 8626K, committed 8832K, reserved 1048576K
}
Event: 8.537 GC heap before
{Heap before GC invocations=19 (full 0):
 garbage-first heap   total 119808K, used 95691K [0x0000000080000000, 0x0000000100000000)
  region size 1024K, 37 young (37888K), 6 survivors (6144K)
 Metaspace       used 68344K, committed 68928K, reserved 1114112K
  class space    used 9034K, committed 9344K, reserved 1048576K
}
Event: 8.542 GC heap after
{Heap after GC invocations=20 (full 0):
 garbage-first heap   total 119808K, used 60326K [0x0000000080000000, 0x0000000100000000)
  region size 1024K, 3 young (3072K), 3 survivors (3072K)
 Metaspace       used 68344K, committed 68928K, reserved 1114112K
  class space    used 9034K, committed 9344K, reserved 1048576K
}
Event: 9.084 GC heap before
{Heap before GC invocations=20 (full 0):
 garbage-first heap   total 119808K, used 95142K [0x0000000080000000, 0x0000000100000000)
  region size 1024K, 37 young (37888K), 3 survivors (3072K)
 Metaspace       used 71913K, committed 72512K, reserved 1114112K
  class space    used 9500K, committed 9792K, reserved 1048576K
}
Event: 9.091 GC heap after
{Heap after GC invocations=21 (full 0):
 garbage-first heap   total 119808K, used 62806K [0x0000000080000000, 0x0000000100000000)
  region size 1024K, 5 young (5120K), 5 survivors (5120K)
 Metaspace       used 71913K, committed 72512K, reserved 1114112K
  class space    used 9500K, committed 9792K, reserved 1048576K
}
Event: 9.596 GC heap before
{Heap before GC invocations=22 (full 0):
 garbage-first heap   total 119808K, used 96598K [0x0000000080000000, 0x0000000100000000)
  region size 1024K, 38 young (38912K), 5 survivors (5120K)
 Metaspace       used 76305K, committed 76928K, reserved 1122304K
  class space    used 10092K, committed 10368K, reserved 1048576K
}
Event: 9.602 GC heap after
{Heap after GC invocations=23 (full 0):
 garbage-first heap   total 119808K, used 65461K [0x0000000080000000, 0x0000000100000000)
  region size 1024K, 3 young (3072K), 3 survivors (3072K)
 Metaspace       used 76305K, committed 76928K, reserved 1122304K
  class space    used 10092K, committed 10368K, reserved 1048576K
}
Event: 9.628 GC heap before
{Heap before GC invocations=23 (full 0):
 garbage-first heap   total 119808K, used 67509K [0x0000000080000000, 0x0000000100000000)
  region size 1024K, 5 young (5120K), 3 survivors (3072K)
 Metaspace       used 76361K, committed 76928K, reserved 1122304K
  class space    used 10097K, committed 10368K, reserved 1048576K
}
Event: 9.632 GC heap after
{Heap after GC invocations=24 (full 0):
 garbage-first heap   total 144384K, used 65839K [0x0000000080000000, 0x0000000100000000)
  region size 1024K, 1 young (1024K), 1 survivors (1024K)
 Metaspace       used 76361K, committed 76928K, reserved 1122304K
  class space    used 10097K, committed 10368K, reserved 1048576K
}
Event: 10.121 GC heap before
{Heap before GC invocations=24 (full 0):
 garbage-first heap   total 144384K, used 100655K [0x0000000080000000, 0x0000000100000000)
  region size 1024K, 36 young (36864K), 1 survivors (1024K)
 Metaspace       used 78883K, committed 79488K, reserved 1122304K
  class space    used 10438K, committed 10752K, reserved 1048576K
}
Event: 10.126 GC heap after
{Heap after GC invocations=25 (full 0):
 garbage-first heap   total 144384K, used 67319K [0x0000000080000000, 0x0000000100000000)
  region size 1024K, 3 young (3072K), 3 survivors (3072K)
 Metaspace       used 78883K, committed 79488K, reserved 1122304K
  class space    used 10438K, committed 10752K, reserved 1048576K
}
Event: 10.892 GC heap before
{Heap before GC invocations=26 (full 0):
 garbage-first heap   total 144384K, used 113399K [0x0000000080000000, 0x0000000100000000)
  region size 1024K, 47 young (48128K), 3 survivors (3072K)
 Metaspace       used 84059K, committed 84672K, reserved 1122304K
  class space    used 11354K, committed 11648K, reserved 1048576K
}
Event: 10.902 GC heap after
{Heap after GC invocations=27 (full 0):
 garbage-first heap   total 144384K, used 69566K [0x0000000080000000, 0x0000000100000000)
  region size 1024K, 5 young (5120K), 5 survivors (5120K)
 Metaspace       used 84059K, committed 84672K, reserved 1122304K
  class space    used 11354K, committed 11648K, reserved 1048576K
}
Event: 11.642 GC heap before
{Heap before GC invocations=27 (full 0):
 garbage-first heap   total 144384K, used 114622K [0x0000000080000000, 0x0000000100000000)
  region size 1024K, 49 young (50176K), 5 survivors (5120K)
 Metaspace       used 88601K, committed 89216K, reserved 1130496K
  class space    used 12013K, committed 12288K, reserved 1048576K
}
Event: 11.651 GC heap after
{Heap after GC invocations=28 (full 0):
 garbage-first heap   total 144384K, used 73374K [0x0000000080000000, 0x0000000100000000)
  region size 1024K, 7 young (7168K), 7 survivors (7168K)
 Metaspace       used 88601K, committed 89216K, reserved 1130496K
  class space    used 12013K, committed 12288K, reserved 1048576K
}
Event: 12.363 GC heap before
{Heap before GC invocations=29 (full 0):
 garbage-first heap   total 144384K, used 116382K [0x0000000080000000, 0x0000000100000000)
  region size 1024K, 49 young (50176K), 7 survivors (7168K)
 Metaspace       used 93470K, committed 94080K, reserved 1130496K
  class space    used 12704K, committed 12992K, reserved 1048576K
}
Event: 12.372 GC heap after
{Heap after GC invocations=30 (full 0):
 garbage-first heap   total 144384K, used 76885K [0x0000000080000000, 0x0000000100000000)
  region size 1024K, 7 young (7168K), 7 survivors (7168K)
 Metaspace       used 93470K, committed 94080K, reserved 1130496K
  class space    used 12704K, committed 12992K, reserved 1048576K
}
Event: 12.387 GC heap before
{Heap before GC invocations=30 (full 0):
 garbage-first heap   total 144384K, used 77909K [0x0000000080000000, 0x0000000100000000)
  region size 1024K, 8 young (8192K), 7 survivors (7168K)
 Metaspace       used 93559K, committed 94208K, reserved 1130496K
  class space    used 12724K, committed 13056K, reserved 1048576K
}
Event: 12.394 GC heap after
{Heap after GC invocations=31 (full 0):
 garbage-first heap   total 144384K, used 77500K [0x0000000080000000, 0x0000000100000000)
  region size 1024K, 1 young (1024K), 1 survivors (1024K)
 Metaspace       used 93559K, committed 94208K, reserved 1130496K
  class space    used 12724K, committed 13056K, reserved 1048576K
}
Event: 12.783 GC heap before
{Heap before GC invocations=31 (full 0):
 garbage-first heap   total 144384K, used 118460K [0x0000000080000000, 0x0000000100000000)
  region size 1024K, 41 young (41984K), 1 survivors (1024K)
 Metaspace       used 94395K, committed 94976K, reserved 1138688K
  class space    used 12822K, committed 13120K, reserved 1048576K
}

