# JRE version: OpenJDK Runtime Environment (17.0.6) (build 17.0.6+0-b2043.56-10027231)
# Java VM: OpenJDK 64-Bit Server VM (17.0.6+0-b2043.56-10027231, mixed mode, tiered, compressed oops, compressed class ptrs, g1 gc, windows-amd64)
GC Precious Log:
 CPUs: 12 total, 12 available
 Memory: 16251M
 Large Page Support: Disabled
 NUMA Support: Disabled
 Compressed Oops: Enabled (32-bit)
 Heap Region Size: 1M
 Heap Min Capacity: 8M
 Heap Initial Capacity: 254M
 Heap Max Capacity: 2G
 Pre-touch: Disabled
 Parallel Workers: 10
 Concurrent Workers: 3
 Concurrent Refinement Workers: 10
 Periodic GC: Disabled
Heap:
 garbage-first heap   total 358400K, used 290824K [0x0000000080000000, 0x0000000100000000)
  region size 1024K, 182 young (186368K), 7 survivors (7168K)
 Metaspace       used 132836K, committed 133888K, reserved 1171456K
  class space    used 17196K, committed 17728K, reserved 1048576K
GC Heap History (20 events):
Event: 14.822 GC heap before
{Heap before GC invocations=51 (full 0):
 garbage-first heap   total 161792K, used 131191K [0x0000000080000000, 0x0000000100000000)
  region size 1024K, 54 young (55296K), 5 survivors (5120K)
 Metaspace       used 100275K, committed 100928K, reserved 1138688K
  class space    used 13544K, committed 13824K, reserved 1048576K
}
Event: 14.829 GC heap after
{Heap after GC invocations=52 (full 0):
 garbage-first heap   total 161792K, used 88803K [0x0000000080000000, 0x0000000100000000)
  region size 1024K, 7 young (7168K), 7 survivors (7168K)
 Metaspace       used 100275K, committed 100928K, reserved 1138688K
  class space    used 13544K, committed 13824K, reserved 1048576K
}
Event: 14.836 GC heap before
{Heap before GC invocations=52 (full 0):
 garbage-first heap   total 161792K, used 89827K [0x0000000080000000, 0x0000000100000000)
  region size 1024K, 8 young (8192K), 7 survivors (7168K)
 Metaspace       used 100349K, committed 101056K, reserved 1138688K
  class space    used 13552K, committed 13888K, reserved 1048576K
}
Event: 14.840 GC heap after
{Heap after GC invocations=53 (full 0):
 garbage-first heap   total 161792K, used 89669K [0x0000000080000000, 0x0000000100000000)
  region size 1024K, 1 young (1024K), 1 survivors (1024K)
 Metaspace       used 100349K, committed 101056K, reserved 1138688K
  class space    used 13552K, committed 13888K, reserved 1048576K
}
Event: 15.848 GC heap before
{Heap before GC invocations=53 (full 0):
 garbage-first heap   total 161792K, used 130629K [0x0000000080000000, 0x0000000100000000)
  region size 1024K, 41 young (41984K), 1 survivors (1024K)
 Metaspace       used 103851K, committed 104512K, reserved 1146880K
  class space    used 14067K, committed 14400K, reserved 1048576K
}
Event: 15.854 GC heap after
{Heap after GC invocations=54 (full 0):
 garbage-first heap   total 161792K, used 94195K [0x0000000080000000, 0x0000000100000000)
  region size 1024K, 6 young (6144K), 6 survivors (6144K)
 Metaspace       used 103851K, committed 104512K, reserved 1146880K
  class space    used 14067K, committed 14400K, reserved 1048576K
}
Event: 16.155 GC heap before
{Heap before GC invocations=55 (full 0):
 garbage-first heap   total 174080K, used 130035K [0x0000000080000000, 0x0000000100000000)
  region size 1024K, 42 young (43008K), 6 survivors (6144K)
 Metaspace       used 104079K, committed 104832K, reserved 1146880K
  class space    used 14076K, committed 14464K, reserved 1048576K
}
Event: 16.161 GC heap after
{Heap after GC invocations=56 (full 0):
 garbage-first heap   total 174080K, used 96704K [0x0000000080000000, 0x0000000100000000)
  region size 1024K, 3 young (3072K), 3 survivors (3072K)
 Metaspace       used 104079K, committed 104832K, reserved 1146880K
  class space    used 14076K, committed 14464K, reserved 1048576K
}
Event: 16.243 GC heap before
{Heap before GC invocations=56 (full 0):
 garbage-first heap   total 174080K, used 100800K [0x0000000080000000, 0x0000000100000000)
  region size 1024K, 8 young (8192K), 3 survivors (3072K)
 Metaspace       used 104102K, committed 104832K, reserved 1146880K
  class space    used 14078K, committed 14464K, reserved 1048576K
}
Event: 16.248 GC heap after
{Heap after GC invocations=57 (full 0):
 garbage-first heap   total 358400K, used 97017K [0x0000000080000000, 0x0000000100000000)
  region size 1024K, 1 young (1024K), 1 survivors (1024K)
 Metaspace       used 104102K, committed 104832K, reserved 1146880K
  class space    used 14078K, committed 14464K, reserved 1048576K
}
Event: 18.629 GC heap before
{Heap before GC invocations=57 (full 0):
 garbage-first heap   total 358400K, used 270073K [0x0000000080000000, 0x0000000100000000)
  region size 1024K, 170 young (174080K), 1 survivors (1024K)
 Metaspace       used 112787K, committed 113536K, reserved 1155072K
  class space    used 15113K, committed 15488K, reserved 1048576K
}
Event: 18.639 GC heap after
{Heap after GC invocations=58 (full 0):
 garbage-first heap   total 358400K, used 105800K [0x0000000080000000, 0x0000000100000000)
  region size 1024K, 10 young (10240K), 10 survivors (10240K)
 Metaspace       used 112787K, committed 113536K, reserved 1155072K
  class space    used 15113K, committed 15488K, reserved 1048576K
}
Event: 341.644 GC heap before
{Heap before GC invocations=58 (full 0):
 garbage-first heap   total 358400K, used 277832K [0x0000000080000000, 0x0000000100000000)
  region size 1024K, 179 young (183296K), 10 survivors (10240K)
 Metaspace       used 116100K, committed 116864K, reserved 1155072K
  class space    used 15316K, committed 15680K, reserved 1048576K
}
Event: 341.653 GC heap after
{Heap after GC invocations=59 (full 0):
 garbage-first heap   total 358400K, used 106740K [0x0000000080000000, 0x0000000100000000)
  region size 1024K, 11 young (11264K), 11 survivors (11264K)
 Metaspace       used 116100K, committed 116864K, reserved 1155072K
  class space    used 15316K, committed 15680K, reserved 1048576K
}
Event: 343.528 GC heap before
{Heap before GC invocations=59 (full 0):
 garbage-first heap   total 358400K, used 297204K [0x0000000080000000, 0x0000000100000000)
  region size 1024K, 190 young (194560K), 11 survivors (11264K)
 Metaspace       used 120681K, committed 121600K, reserved 1155072K
  class space    used 15792K, committed 16256K, reserved 1048576K
}
Event: 343.542 GC heap after
{Heap after GC invocations=60 (full 0):
 garbage-first heap   total 358400K, used 120652K [0x0000000080000000, 0x0000000100000000)
  region size 1024K, 24 young (24576K), 24 survivors (24576K)
 Metaspace       used 120681K, committed 121600K, reserved 1155072K
  class space    used 15792K, committed 16256K, reserved 1048576K
}
Event: 449.132 GC heap before
{Heap before GC invocations=60 (full 0):
 garbage-first heap   total 358400K, used 289612K [0x0000000080000000, 0x0000000100000000)
  region size 1024K, 190 young (194560K), 24 survivors (24576K)
 Metaspace       used 125963K, committed 126848K, reserved 1163264K
  class space    used 16341K, committed 16768K, reserved 1048576K
}
Event: 449.143 GC heap after
{Heap after GC invocations=61 (full 0):
 garbage-first heap   total 358400K, used 114122K [0x0000000080000000, 0x0000000100000000)
  region size 1024K, 7 young (7168K), 7 survivors (7168K)
 Metaspace       used 125963K, committed 126848K, reserved 1163264K
  class space    used 16341K, committed 16768K, reserved 1048576K
}
Event: 533.764 GC heap before
{Heap before GC invocations=61 (full 0):
 garbage-first heap   total 358400K, used 292298K [0x0000000080000000, 0x0000000100000000)
  region size 1024K, 182 young (186368K), 7 survivors (7168K)
 Metaspace       used 126624K, committed 127552K, reserved 1163264K
  class space    used 16374K, committed 16832K, reserved 1048576K
}
Event: 533.769 GC heap after
{Heap after GC invocations=62 (full 0):
 garbage-first heap   total 358400K, used 113672K [0x0000000080000000, 0x0000000100000000)
  region size 1024K, 7 young (7168K), 7 survivors (7168K)
 Metaspace       used 126624K, committed 127552K, reserved 1163264K
  class space    used 16374K, committed 16832K, reserved 1048576K
}

