# JRE version: OpenJDK Runtime Environment (17.0.6) (build 17.0.6+0-b2043.56-10027231)
# Java VM: OpenJDK 64-Bit Server VM (17.0.6+0-b2043.56-10027231, mixed mode, tiered, compressed oops, compressed class ptrs, g1 gc, windows-amd64)
GC Precious Log:
 CPUs: 12 total, 12 available
 Memory: 16251M
 Large Page Support: Disabled
 NUMA Support: Disabled
 Compressed Oops: Enabled (32-bit)
 Heap Region Size: 1M
 Heap Min Capacity: 8M
 Heap Initial Capacity: 254M
 Heap Max Capacity: 2G
 Pre-touch: Disabled
 Parallel Workers: 10
 Concurrent Workers: 3
 Concurrent Refinement Workers: 10
 Periodic GC: Disabled
Heap:
 garbage-first heap   total 160768K, used 95499K [0x0000000080000000, 0x0000000100000000)
  region size 1024K, 3 young (3072K), 3 survivors (3072K)
 Metaspace       used 98435K, committed 99136K, reserved 1138688K
  class space    used 13355K, committed 13696K, reserved 1048576K
GC Heap History (20 events):
Event: 9.714 GC heap after
{Heap after GC invocations=28 (full 0):
 garbage-first heap   total 116736K, used 63002K [0x0000000080000000, 0x0000000100000000)
  region size 1024K, 1 young (1024K), 1 survivors (1024K)
 Metaspace       used 71355K, committed 71936K, reserved 1114112K
  class space    used 9437K, committed 9728K, reserved 1048576K
}
Event: 10.111 GC heap before
{Heap before GC invocations=28 (full 0):
 garbage-first heap   total 116736K, used 88602K [0x0000000080000000, 0x0000000100000000)
  region size 1024K, 26 young (26624K), 1 survivors (1024K)
 Metaspace       used 74626K, committed 75200K, reserved 1122304K
  class space    used 9862K, committed 10112K, reserved 1048576K
}
Event: 10.115 GC heap after
{Heap after GC invocations=29 (full 0):
 garbage-first heap   total 116736K, used 64388K [0x0000000080000000, 0x0000000100000000)
  region size 1024K, 2 young (2048K), 2 survivors (2048K)
 Metaspace       used 74626K, committed 75200K, reserved 1122304K
  class space    used 9862K, committed 10112K, reserved 1048576K
}
Event: 10.466 GC heap before
{Heap before GC invocations=30 (full 0):
 garbage-first heap   total 116736K, used 88964K [0x0000000080000000, 0x0000000100000000)
  region size 1024K, 27 young (27648K), 2 survivors (2048K)
 Metaspace       used 76384K, committed 76928K, reserved 1122304K
  class space    used 10090K, committed 10368K, reserved 1048576K
}
Event: 10.471 GC heap after
{Heap after GC invocations=31 (full 0):
 garbage-first heap   total 116736K, used 66282K [0x0000000080000000, 0x0000000100000000)
  region size 1024K, 4 young (4096K), 4 survivors (4096K)
 Metaspace       used 76384K, committed 76928K, reserved 1122304K
  class space    used 10090K, committed 10368K, reserved 1048576K
}
Event: 10.862 GC heap before
{Heap before GC invocations=31 (full 0):
 garbage-first heap   total 116736K, used 89834K [0x0000000080000000, 0x0000000100000000)
  region size 1024K, 29 young (29696K), 4 survivors (4096K)
 Metaspace       used 78868K, committed 79424K, reserved 1122304K
  class space    used 10432K, committed 10688K, reserved 1048576K
}
Event: 10.867 GC heap after
{Heap after GC invocations=32 (full 0):
 garbage-first heap   total 160768K, used 67724K [0x0000000080000000, 0x0000000100000000)
  region size 1024K, 4 young (4096K), 4 survivors (4096K)
 Metaspace       used 78868K, committed 79424K, reserved 1122304K
  class space    used 10432K, committed 10688K, reserved 1048576K
}
Event: 11.818 GC heap before
{Heap before GC invocations=32 (full 0):
 garbage-first heap   total 160768K, used 123020K [0x0000000080000000, 0x0000000100000000)
  region size 1024K, 57 young (58368K), 4 survivors (4096K)
 Metaspace       used 84968K, committed 85632K, reserved 1130496K
  class space    used 11477K, committed 11776K, reserved 1048576K
}
Event: 11.824 GC heap after
{Heap after GC invocations=33 (full 0):
 garbage-first heap   total 160768K, used 70538K [0x0000000080000000, 0x0000000100000000)
  region size 1024K, 7 young (7168K), 7 survivors (7168K)
 Metaspace       used 84968K, committed 85632K, reserved 1130496K
  class space    used 11477K, committed 11776K, reserved 1048576K
}
Event: 12.812 GC heap before
{Heap before GC invocations=33 (full 0):
 garbage-first heap   total 160768K, used 125834K [0x0000000080000000, 0x0000000100000000)
  region size 1024K, 61 young (62464K), 7 survivors (7168K)
 Metaspace       used 91914K, committed 92544K, reserved 1130496K
  class space    used 12478K, committed 12800K, reserved 1048576K
}
Event: 12.822 GC heap after
{Heap after GC invocations=34 (full 0):
 garbage-first heap   total 160768K, used 75097K [0x0000000080000000, 0x0000000100000000)
  region size 1024K, 8 young (8192K), 8 survivors (8192K)
 Metaspace       used 91914K, committed 92544K, reserved 1130496K
  class space    used 12478K, committed 12800K, reserved 1048576K
}
Event: 13.417 GC heap before
{Heap before GC invocations=34 (full 0):
 garbage-first heap   total 160768K, used 128345K [0x0000000080000000, 0x0000000100000000)
  region size 1024K, 60 young (61440K), 8 survivors (8192K)
 Metaspace       used 94379K, committed 95040K, reserved 1138688K
  class space    used 12811K, committed 13120K, reserved 1048576K
}
Event: 13.427 GC heap after
{Heap after GC invocations=35 (full 0):
 garbage-first heap   total 160768K, used 81917K [0x0000000080000000, 0x0000000100000000)
  region size 1024K, 8 young (8192K), 8 survivors (8192K)
 Metaspace       used 94379K, committed 95040K, reserved 1138688K
  class space    used 12811K, committed 13120K, reserved 1048576K
}
Event: 13.781 GC heap before
{Heap before GC invocations=35 (full 0):
 garbage-first heap   total 160768K, used 119805K [0x0000000080000000, 0x0000000100000000)
  region size 1024K, 47 young (48128K), 8 survivors (8192K)
 Metaspace       used 95449K, committed 96064K, reserved 1138688K
  class space    used 12899K, committed 13184K, reserved 1048576K
}
Event: 13.791 GC heap after
{Heap after GC invocations=36 (full 0):
 garbage-first heap   total 160768K, used 89379K [0x0000000080000000, 0x0000000100000000)
  region size 1024K, 7 young (7168K), 7 survivors (7168K)
 Metaspace       used 95449K, committed 96064K, reserved 1138688K
  class space    used 12899K, committed 13184K, reserved 1048576K
}
Event: 14.371 GC heap before
{Heap before GC invocations=37 (full 0):
 garbage-first heap   total 160768K, used 128291K [0x0000000080000000, 0x0000000100000000)
  region size 1024K, 45 young (46080K), 7 survivors (7168K)
 Metaspace       used 98255K, committed 98944K, reserved 1138688K
  class space    used 13346K, committed 13696K, reserved 1048576K
}
Event: 14.380 GC heap after
{Heap after GC invocations=38 (full 0):
 garbage-first heap   total 160768K, used 93284K [0x0000000080000000, 0x0000000100000000)
  region size 1024K, 4 young (4096K), 4 survivors (4096K)
 Metaspace       used 98255K, committed 98944K, reserved 1138688K
  class space    used 13346K, committed 13696K, reserved 1048576K
}
Event: 14.394 GC heap before
{Heap before GC invocations=38 (full 0):
 garbage-first heap   total 160768K, used 95332K [0x0000000080000000, 0x0000000100000000)
  region size 1024K, 7 young (7168K), 4 survivors (4096K)
 Metaspace       used 98269K, committed 99008K, reserved 1138688K
  class space    used 13346K, committed 13696K, reserved 1048576K
}
Event: 14.401 GC heap after
{Heap after GC invocations=39 (full 0):
 garbage-first heap   total 160768K, used 93609K [0x0000000080000000, 0x0000000100000000)
  region size 1024K, 1 young (1024K), 1 survivors (1024K)
 Metaspace       used 98269K, committed 99008K, reserved 1138688K
  class space    used 13346K, committed 13696K, reserved 1048576K
}
Event: 14.691 GC heap before
{Heap before GC invocations=39 (full 0):
 garbage-first heap   total 160768K, used 129449K [0x0000000080000000, 0x0000000100000000)
  region size 1024K, 37 young (37888K), 1 survivors (1024K)
 Metaspace       used 98435K, committed 99136K, reserved 1138688K
  class space    used 13355K, committed 13696K, reserved 1048576K
}

