# JRE version: OpenJDK Runtime Environment (17.0.6) (build 17.0.6+0-b2043.56-10027231)
# Java VM: OpenJDK 64-Bit Server VM (17.0.6+0-b2043.56-10027231, mixed mode, tiered, compressed oops, compressed class ptrs, g1 gc, windows-amd64)
GC Precious Log:
 CPUs: 12 total, 12 available
 Memory: 16251M
 Large Page Support: Disabled
 NUMA Support: Disabled
 Compressed Oops: Enabled (32-bit)
 Heap Region Size: 1M
 Heap Min Capacity: 8M
 Heap Initial Capacity: 254M
 Heap Max Capacity: 2G
 Pre-touch: Disabled
 Parallel Workers: 10
 Concurrent Workers: 3
 Concurrent Refinement Workers: 10
 Periodic GC: Disabled
Heap:
 garbage-first heap   total 314368K, used 129912K [0x0000000080000000, 0x0000000100000000)
  region size 1024K, 1 young (1024K), 1 survivors (1024K)
 Metaspace       used 135541K, committed 137024K, reserved 1171456K
  class space    used 18223K, committed 18944K, reserved 1048576K
GC Heap History (20 events):
Event: 7297.429 GC heap after
{Heap after GC invocations=70 (full 1):
 garbage-first heap   total 314368K, used 127415K [0x0000000080000000, 0x0000000100000000)
  region size 1024K, 1 young (1024K), 1 survivors (1024K)
 Metaspace       used 134121K, committed 135424K, reserved 1171456K
  class space    used 18132K, committed 18752K, reserved 1048576K
}
Event: 7297.555 GC heap before
{Heap before GC invocations=70 (full 1):
 garbage-first heap   total 314368K, used 140727K [0x0000000080000000, 0x0000000100000000)
  region size 1024K, 16 young (16384K), 1 survivors (1024K)
 Metaspace       used 134302K, committed 135680K, reserved 1171456K
  class space    used 18151K, committed 18816K, reserved 1048576K
}
Event: 7297.556 GC heap after
{Heap after GC invocations=71 (full 1):
 garbage-first heap   total 314368K, used 127360K [0x0000000080000000, 0x0000000100000000)
  region size 1024K, 1 young (1024K), 1 survivors (1024K)
 Metaspace       used 134302K, committed 135680K, reserved 1171456K
  class space    used 18151K, committed 18816K, reserved 1048576K
}
Event: 7341.711 GC heap before
{Heap before GC invocations=72 (full 1):
 garbage-first heap   total 314368K, used 270720K [0x0000000080000000, 0x0000000100000000)
  region size 1024K, 127 young (130048K), 1 survivors (1024K)
 Metaspace       used 134582K, committed 135936K, reserved 1171456K
  class space    used 18122K, committed 18816K, reserved 1048576K
}
Event: 7341.717 GC heap after
{Heap after GC invocations=73 (full 1):
 garbage-first heap   total 314368K, used 134525K [0x0000000080000000, 0x0000000100000000)
  region size 1024K, 11 young (11264K), 11 survivors (11264K)
 Metaspace       used 134582K, committed 135936K, reserved 1171456K
  class space    used 18122K, committed 18816K, reserved 1048576K
}
Event: 7341.758 GC heap before
{Heap before GC invocations=73 (full 1):
 garbage-first heap   total 314368K, used 138621K [0x0000000080000000, 0x0000000100000000)
  region size 1024K, 15 young (15360K), 11 survivors (11264K)
 Metaspace       used 134600K, committed 136000K, reserved 1171456K
  class space    used 18123K, committed 18816K, reserved 1048576K
}
Event: 7341.765 GC heap after
{Heap after GC invocations=74 (full 1):
 garbage-first heap   total 314368K, used 129553K [0x0000000080000000, 0x0000000100000000)
  region size 1024K, 2 young (2048K), 2 survivors (2048K)
 Metaspace       used 134600K, committed 136000K, reserved 1171456K
  class space    used 18123K, committed 18816K, reserved 1048576K
}
Event: 7341.777 GC heap before
{Heap before GC invocations=74 (full 1):
 garbage-first heap   total 314368K, used 130577K [0x0000000080000000, 0x0000000100000000)
  region size 1024K, 5 young (5120K), 2 survivors (2048K)
 Metaspace       used 134602K, committed 136000K, reserved 1171456K
  class space    used 18123K, committed 18816K, reserved 1048576K
}
Event: 7341.779 GC heap after
{Heap after GC invocations=75 (full 1):
 garbage-first heap   total 314368K, used 128658K [0x0000000080000000, 0x0000000100000000)
  region size 1024K, 1 young (1024K), 1 survivors (1024K)
 Metaspace       used 134602K, committed 136000K, reserved 1171456K
  class space    used 18123K, committed 18816K, reserved 1048576K
}
Event: 7454.485 GC heap before
{Heap before GC invocations=76 (full 1):
 garbage-first heap   total 314368K, used 257682K [0x0000000080000000, 0x0000000100000000)
  region size 1024K, 113 young (115712K), 1 survivors (1024K)
 Metaspace       used 134815K, committed 136192K, reserved 1171456K
  class space    used 18135K, committed 18816K, reserved 1048576K
}
Event: 7454.492 GC heap after
{Heap after GC invocations=77 (full 1):
 garbage-first heap   total 314368K, used 136213K [0x0000000080000000, 0x0000000100000000)
  region size 1024K, 11 young (11264K), 11 survivors (11264K)
 Metaspace       used 134815K, committed 136192K, reserved 1171456K
  class space    used 18135K, committed 18816K, reserved 1048576K
}
Event: 7454.499 GC heap before
{Heap before GC invocations=77 (full 1):
 garbage-first heap   total 314368K, used 140309K [0x0000000080000000, 0x0000000100000000)
  region size 1024K, 15 young (15360K), 11 survivors (11264K)
 Metaspace       used 134820K, committed 136192K, reserved 1171456K
  class space    used 18135K, committed 18816K, reserved 1048576K
}
Event: 7454.504 GC heap after
{Heap after GC invocations=78 (full 1):
 garbage-first heap   total 314368K, used 129003K [0x0000000080000000, 0x0000000100000000)
  region size 1024K, 1 young (1024K), 1 survivors (1024K)
 Metaspace       used 134820K, committed 136192K, reserved 1171456K
  class space    used 18135K, committed 18816K, reserved 1048576K
}
Event: 7454.618 GC heap before
{Heap before GC invocations=78 (full 1):
 garbage-first heap   total 314368K, used 147435K [0x0000000080000000, 0x0000000100000000)
  region size 1024K, 21 young (21504K), 1 survivors (1024K)
 Metaspace       used 134873K, committed 136256K, reserved 1171456K
  class space    used 18135K, committed 18816K, reserved 1048576K
}
Event: 7454.619 GC heap after
{Heap after GC invocations=79 (full 1):
 garbage-first heap   total 314368K, used 128692K [0x0000000080000000, 0x0000000100000000)
  region size 1024K, 1 young (1024K), 1 survivors (1024K)
 Metaspace       used 134873K, committed 136256K, reserved 1171456K
  class space    used 18135K, committed 18816K, reserved 1048576K
}
Event: 8001.701 GC heap before
{Heap before GC invocations=80 (full 1):
 garbage-first heap   total 314368K, used 265908K [0x0000000080000000, 0x0000000100000000)
  region size 1024K, 120 young (122880K), 1 survivors (1024K)
 Metaspace       used 135448K, committed 136896K, reserved 1171456K
  class space    used 18219K, committed 18880K, reserved 1048576K
}
Event: 8001.707 GC heap after
{Heap after GC invocations=81 (full 1):
 garbage-first heap   total 314368K, used 137171K [0x0000000080000000, 0x0000000100000000)
  region size 1024K, 11 young (11264K), 11 survivors (11264K)
 Metaspace       used 135448K, committed 136896K, reserved 1171456K
  class space    used 18219K, committed 18880K, reserved 1048576K
}
Event: 8001.715 GC heap before
{Heap before GC invocations=81 (full 1):
 garbage-first heap   total 314368K, used 141267K [0x0000000080000000, 0x0000000100000000)
  region size 1024K, 15 young (15360K), 11 survivors (11264K)
 Metaspace       used 135465K, committed 136896K, reserved 1171456K
  class space    used 18219K, committed 18880K, reserved 1048576K
}
Event: 8001.720 GC heap after
{Heap after GC invocations=82 (full 1):
 garbage-first heap   total 314368K, used 130298K [0x0000000080000000, 0x0000000100000000)
  region size 1024K, 2 young (2048K), 2 survivors (2048K)
 Metaspace       used 135465K, committed 136896K, reserved 1171456K
  class space    used 18219K, committed 18880K, reserved 1048576K
}
Event: 8001.856 GC heap before
{Heap before GC invocations=82 (full 1):
 garbage-first heap   total 314368K, used 153850K [0x0000000080000000, 0x0000000100000000)
  region size 1024K, 27 young (27648K), 2 survivors (2048K)
 Metaspace       used 135541K, committed 137024K, reserved 1171456K
  class space    used 18223K, committed 18944K, reserved 1048576K
}

