# JRE version: OpenJDK Runtime Environment (17.0.6) (build 17.0.6+0-b2043.56-10027231)
# Java VM: OpenJDK 64-Bit Server VM (17.0.6+0-b2043.56-10027231, mixed mode, tiered, compressed oops, compressed class ptrs, g1 gc, windows-amd64)
GC Precious Log:
 CPUs: 12 total, 12 available
 Memory: 16251M
 Large Page Support: Disabled
 NUMA Support: Disabled
 Compressed Oops: Enabled (32-bit)
 Heap Region Size: 1M
 Heap Min Capacity: 8M
 Heap Initial Capacity: 254M
 Heap Max Capacity: 2G
 Pre-touch: Disabled
 Parallel Workers: 10
 Concurrent Workers: 3
 Concurrent Refinement Workers: 10
 Periodic GC: Disabled
Heap:
 garbage-first heap   total 404480K, used 252884K [0x0000000080000000, 0x0000000100000000)
  region size 1024K, 2 young (2048K), 2 survivors (2048K)
 Metaspace       used 219903K, committed 221184K, reserved 1245184K
  class space    used 29372K, committed 29952K, reserved 1048576K
GC Heap History (20 events):
Event: 268.246 GC heap after
{Heap after GC invocations=64 (full 0):
 garbage-first heap   total 375808K, used 202101K [0x0000000080000000, 0x0000000100000000)
  region size 1024K, 3 young (3072K), 3 survivors (3072K)
 Metaspace       used 173477K, committed 174656K, reserved 1204224K
  class space    used 24212K, committed 24768K, reserved 1048576K
}
Event: 268.639 GC heap before
{Heap before GC invocations=64 (full 0):
 garbage-first heap   total 375808K, used 238965K [0x0000000080000000, 0x0000000100000000)
  region size 1024K, 40 young (40960K), 3 survivors (3072K)
 Metaspace       used 177719K, committed 178880K, reserved 1204224K
  class space    used 24712K, committed 25280K, reserved 1048576K
}
Event: 268.643 GC heap after
{Heap after GC invocations=65 (full 0):
 garbage-first heap   total 375808K, used 203382K [0x0000000080000000, 0x0000000100000000)
  region size 1024K, 4 young (4096K), 4 survivors (4096K)
 Metaspace       used 177719K, committed 178880K, reserved 1204224K
  class space    used 24712K, committed 25280K, reserved 1048576K
}
Event: 269.763 GC heap before
{Heap before GC invocations=66 (full 0):
 garbage-first heap   total 377856K, used 304758K [0x0000000080000000, 0x0000000100000000)
  region size 1024K, 97 young (99328K), 4 survivors (4096K)
 Metaspace       used 188427K, committed 189632K, reserved 1220608K
  class space    used 25846K, committed 26432K, reserved 1048576K
}
Event: 269.770 GC heap after
{Heap after GC invocations=67 (full 0):
 garbage-first heap   total 377856K, used 218157K [0x0000000080000000, 0x0000000100000000)
  region size 1024K, 12 young (12288K), 12 survivors (12288K)
 Metaspace       used 188427K, committed 189632K, reserved 1220608K
  class space    used 25846K, committed 26432K, reserved 1048576K
}
Event: 269.836 GC heap before
{Heap before GC invocations=67 (full 0):
 garbage-first heap   total 377856K, used 224301K [0x0000000080000000, 0x0000000100000000)
  region size 1024K, 18 young (18432K), 12 survivors (12288K)
 Metaspace       used 189628K, committed 190784K, reserved 1220608K
  class space    used 26008K, committed 26560K, reserved 1048576K
}
Event: 269.846 GC heap after
{Heap after GC invocations=68 (full 0):
 garbage-first heap   total 377856K, used 216307K [0x0000000080000000, 0x0000000100000000)
  region size 1024K, 2 young (2048K), 2 survivors (2048K)
 Metaspace       used 189628K, committed 190784K, reserved 1220608K
  class space    used 26008K, committed 26560K, reserved 1048576K
}
Event: 269.998 GC heap before
{Heap before GC invocations=68 (full 0):
 garbage-first heap   total 377856K, used 229619K [0x0000000080000000, 0x0000000100000000)
  region size 1024K, 16 young (16384K), 2 survivors (2048K)
 Metaspace       used 191561K, committed 192704K, reserved 1220608K
  class space    used 26247K, committed 26816K, reserved 1048576K
}
Event: 270.002 GC heap after
{Heap after GC invocations=69 (full 0):
 garbage-first heap   total 377856K, used 215844K [0x0000000080000000, 0x0000000100000000)
  region size 1024K, 2 young (2048K), 2 survivors (2048K)
 Metaspace       used 191561K, committed 192704K, reserved 1220608K
  class space    used 26247K, committed 26816K, reserved 1048576K
}
Event: 270.652 GC heap before
{Heap before GC invocations=70 (full 0):
 garbage-first heap   total 404480K, used 311076K [0x0000000080000000, 0x0000000100000000)
  region size 1024K, 94 young (96256K), 2 survivors (2048K)
 Metaspace       used 194010K, committed 195200K, reserved 1220608K
  class space    used 26515K, committed 27072K, reserved 1048576K
}
Event: 270.658 GC heap after
{Heap after GC invocations=71 (full 0):
 garbage-first heap   total 404480K, used 222232K [0x0000000080000000, 0x0000000100000000)
  region size 1024K, 8 young (8192K), 8 survivors (8192K)
 Metaspace       used 194010K, committed 195200K, reserved 1220608K
  class space    used 26515K, committed 27072K, reserved 1048576K
}
Event: 270.782 GC heap before
{Heap before GC invocations=71 (full 0):
 garbage-first heap   total 404480K, used 233496K [0x0000000080000000, 0x0000000100000000)
  region size 1024K, 19 young (19456K), 8 survivors (8192K)
 Metaspace       used 194962K, committed 196160K, reserved 1220608K
  class space    used 26623K, committed 27200K, reserved 1048576K
}
Event: 270.791 GC heap after
{Heap after GC invocations=72 (full 0):
 garbage-first heap   total 404480K, used 221062K [0x0000000080000000, 0x0000000100000000)
  region size 1024K, 2 young (2048K), 2 survivors (2048K)
 Metaspace       used 194962K, committed 196160K, reserved 1220608K
  class space    used 26623K, committed 27200K, reserved 1048576K
}
Event: 272.397 GC heap before
{Heap before GC invocations=72 (full 0):
 garbage-first heap   total 404480K, used 327558K [0x0000000080000000, 0x0000000100000000)
  region size 1024K, 106 young (108544K), 2 survivors (2048K)
 Metaspace       used 206476K, committed 207680K, reserved 1228800K
  class space    used 27912K, committed 28480K, reserved 1048576K
}
Event: 272.404 GC heap after
{Heap after GC invocations=73 (full 0):
 garbage-first heap   total 404480K, used 228221K [0x0000000080000000, 0x0000000100000000)
  region size 1024K, 9 young (9216K), 9 survivors (9216K)
 Metaspace       used 206476K, committed 207680K, reserved 1228800K
  class space    used 27912K, committed 28480K, reserved 1048576K
}
Event: 274.046 GC heap before
{Heap before GC invocations=74 (full 0):
 garbage-first heap   total 404480K, used 353149K [0x0000000080000000, 0x0000000100000000)
  region size 1024K, 110 young (112640K), 9 survivors (9216K)
 Metaspace       used 218919K, committed 220160K, reserved 1245184K
  class space    used 29242K, committed 29824K, reserved 1048576K
}
Event: 274.056 GC heap after
{Heap after GC invocations=75 (full 0):
 garbage-first heap   total 404480K, used 253679K [0x0000000080000000, 0x0000000100000000)
  region size 1024K, 10 young (10240K), 10 survivors (10240K)
 Metaspace       used 218919K, committed 220160K, reserved 1245184K
  class space    used 29242K, committed 29824K, reserved 1048576K
}
Event: 274.109 GC heap before
{Heap before GC invocations=75 (full 0):
 garbage-first heap   total 404480K, used 262895K [0x0000000080000000, 0x0000000100000000)
  region size 1024K, 19 young (19456K), 10 survivors (10240K)
 Metaspace       used 219251K, committed 220480K, reserved 1245184K
  class space    used 29294K, committed 29888K, reserved 1048576K
}
Event: 274.117 GC heap after
{Heap after GC invocations=76 (full 0):
 garbage-first heap   total 404480K, used 252762K [0x0000000080000000, 0x0000000100000000)
  region size 1024K, 2 young (2048K), 2 survivors (2048K)
 Metaspace       used 219251K, committed 220480K, reserved 1245184K
  class space    used 29294K, committed 29888K, reserved 1048576K
}
Event: 274.229 GC heap before
{Heap before GC invocations=76 (full 0):
 garbage-first heap   total 404480K, used 264026K [0x0000000080000000, 0x0000000100000000)
  region size 1024K, 15 young (15360K), 2 survivors (2048K)
 Metaspace       used 219903K, committed 221184K, reserved 1245184K
  class space    used 29372K, committed 29952K, reserved 1048576K
}

