# JRE version: OpenJDK Runtime Environment (17.0.6) (build 17.0.6+0-b2043.56-10027231)
# Java VM: OpenJDK 64-Bit Server VM (17.0.6+0-b2043.56-10027231, mixed mode, tiered, compressed oops, compressed class ptrs, g1 gc, windows-amd64)
GC Precious Log:
 CPUs: 12 total, 12 available
 Memory: 16251M
 Large Page Support: Disabled
 NUMA Support: Disabled
 Compressed Oops: Enabled (32-bit)
 Heap Region Size: 1M
 Heap Min Capacity: 8M
 Heap Initial Capacity: 254M
 Heap Max Capacity: 2G
 Pre-touch: Disabled
 Parallel Workers: 10
 Concurrent Workers: 3
 Concurrent Refinement Workers: 10
 Periodic GC: Disabled
Heap:
 garbage-first heap   total 117760K, used 65625K [0x0000000080000000, 0x0000000100000000)
  region size 1024K, 4 young (4096K), 4 survivors (4096K)
 Metaspace       used 76356K, committed 76928K, reserved 1122304K
  class space    used 10094K, committed 10368K, reserved 1048576K
GC Heap History (20 events):
Event: 3.953 GC heap after
{Heap after GC invocations=12 (full 0):
 garbage-first heap   total 112640K, used 27832K [0x0000000080000000, 0x0000000100000000)
  region size 1024K, 1 young (1024K), 1 survivors (1024K)
 Metaspace       used 40366K, committed 40704K, reserved 1089536K
  class space    used 5354K, committed 5504K, reserved 1048576K
}
Event: 4.726 GC heap before
{Heap before GC invocations=12 (full 0):
 garbage-first heap   total 112640K, used 88248K [0x0000000080000000, 0x0000000100000000)
  region size 1024K, 57 young (58368K), 1 survivors (1024K)
 Metaspace       used 46528K, committed 46976K, reserved 1097728K
  class space    used 6127K, committed 6336K, reserved 1048576K
}
Event: 4.730 GC heap after
{Heap after GC invocations=13 (full 0):
 garbage-first heap   total 112640K, used 31751K [0x0000000080000000, 0x0000000100000000)
  region size 1024K, 5 young (5120K), 5 survivors (5120K)
 Metaspace       used 46528K, committed 46976K, reserved 1097728K
  class space    used 6127K, committed 6336K, reserved 1048576K
}
Event: 5.638 GC heap before
{Heap before GC invocations=13 (full 0):
 garbage-first heap   total 112640K, used 83975K [0x0000000080000000, 0x0000000100000000)
  region size 1024K, 56 young (57344K), 5 survivors (5120K)
 Metaspace       used 52746K, committed 53184K, reserved 1097728K
  class space    used 7058K, committed 7232K, reserved 1048576K
}
Event: 5.643 GC heap after
{Heap after GC invocations=14 (full 0):
 garbage-first heap   total 112640K, used 35564K [0x0000000080000000, 0x0000000100000000)
  region size 1024K, 4 young (4096K), 4 survivors (4096K)
 Metaspace       used 52746K, committed 53184K, reserved 1097728K
  class space    used 7058K, committed 7232K, reserved 1048576K
}
Event: 6.107 GC heap before
{Heap before GC invocations=14 (full 0):
 garbage-first heap   total 112640K, used 95980K [0x0000000080000000, 0x0000000100000000)
  region size 1024K, 54 young (55296K), 4 survivors (4096K)
 Metaspace       used 54883K, committed 55424K, reserved 1097728K
  class space    used 7321K, committed 7552K, reserved 1048576K
}
Event: 6.112 GC heap after
{Heap after GC invocations=15 (full 0):
 garbage-first heap   total 112640K, used 52420K [0x0000000080000000, 0x0000000100000000)
  region size 1024K, 7 young (7168K), 7 survivors (7168K)
 Metaspace       used 54883K, committed 55424K, reserved 1097728K
  class space    used 7321K, committed 7552K, reserved 1048576K
}
Event: 6.581 GC heap before
{Heap before GC invocations=15 (full 0):
 garbage-first heap   total 112640K, used 82116K [0x0000000080000000, 0x0000000100000000)
  region size 1024K, 37 young (37888K), 7 survivors (7168K)
 Metaspace       used 59643K, committed 60160K, reserved 1105920K
  class space    used 7890K, committed 8128K, reserved 1048576K
}
Event: 6.584 GC heap after
{Heap after GC invocations=16 (full 0):
 garbage-first heap   total 112640K, used 53753K [0x0000000080000000, 0x0000000100000000)
  region size 1024K, 2 young (2048K), 2 survivors (2048K)
 Metaspace       used 59643K, committed 60160K, reserved 1105920K
  class space    used 7890K, committed 8128K, reserved 1048576K
}
Event: 7.122 GC heap before
{Heap before GC invocations=17 (full 0):
 garbage-first heap   total 112640K, used 83449K [0x0000000080000000, 0x0000000100000000)
  region size 1024K, 32 young (32768K), 2 survivors (2048K)
 Metaspace       used 65141K, committed 65664K, reserved 1105920K
  class space    used 8621K, committed 8832K, reserved 1048576K
}
Event: 7.126 GC heap after
{Heap after GC invocations=18 (full 0):
 garbage-first heap   total 112640K, used 56283K [0x0000000080000000, 0x0000000100000000)
  region size 1024K, 4 young (4096K), 4 survivors (4096K)
 Metaspace       used 65141K, committed 65664K, reserved 1105920K
  class space    used 8621K, committed 8832K, reserved 1048576K
}
Event: 7.174 GC heap before
{Heap before GC invocations=19 (full 0):
 garbage-first heap   total 117760K, used 68571K [0x0000000080000000, 0x0000000100000000)
  region size 1024K, 13 young (13312K), 4 survivors (4096K)
 Metaspace       used 65146K, committed 65664K, reserved 1105920K
  class space    used 8621K, committed 8832K, reserved 1048576K
}
Event: 7.178 GC heap after
{Heap after GC invocations=20 (full 0):
 garbage-first heap   total 117760K, used 62244K [0x0000000080000000, 0x0000000100000000)
  region size 1024K, 4 young (4096K), 4 survivors (4096K)
 Metaspace       used 65146K, committed 65664K, reserved 1105920K
  class space    used 8621K, committed 8832K, reserved 1048576K
}
Event: 7.467 GC heap before
{Heap before GC invocations=21 (full 0):
 garbage-first heap   total 117760K, used 87844K [0x0000000080000000, 0x0000000100000000)
  region size 1024K, 27 young (27648K), 4 survivors (4096K)
 Metaspace       used 67243K, committed 67840K, reserved 1114112K
  class space    used 8897K, committed 9152K, reserved 1048576K
}
Event: 7.470 GC heap after
{Heap after GC invocations=22 (full 0):
 garbage-first heap   total 117760K, used 59500K [0x0000000080000000, 0x0000000100000000)
  region size 1024K, 3 young (3072K), 3 survivors (3072K)
 Metaspace       used 67243K, committed 67840K, reserved 1114112K
  class space    used 8897K, committed 9152K, reserved 1048576K
}
Event: 7.812 GC heap before
{Heap before GC invocations=22 (full 0):
 garbage-first heap   total 117760K, used 86124K [0x0000000080000000, 0x0000000100000000)
  region size 1024K, 29 young (29696K), 3 survivors (3072K)
 Metaspace       used 69968K, committed 70592K, reserved 1114112K
  class space    used 9253K, committed 9536K, reserved 1048576K
}
Event: 7.815 GC heap after
{Heap after GC invocations=23 (full 0):
 garbage-first heap   total 117760K, used 61436K [0x0000000080000000, 0x0000000100000000)
  region size 1024K, 4 young (4096K), 4 survivors (4096K)
 Metaspace       used 69968K, committed 70592K, reserved 1114112K
  class space    used 9253K, committed 9536K, reserved 1048576K
}
Event: 8.162 GC heap before
{Heap before GC invocations=24 (full 0):
 garbage-first heap   total 117760K, used 89084K [0x0000000080000000, 0x0000000100000000)
  region size 1024K, 31 young (31744K), 4 survivors (4096K)
 Metaspace       used 72844K, committed 73408K, reserved 1114112K
  class space    used 9645K, committed 9920K, reserved 1048576K
}
Event: 8.166 GC heap after
{Heap after GC invocations=25 (full 0):
 garbage-first heap   total 117760K, used 63358K [0x0000000080000000, 0x0000000100000000)
  region size 1024K, 4 young (4096K), 4 survivors (4096K)
 Metaspace       used 72844K, committed 73408K, reserved 1114112K
  class space    used 9645K, committed 9920K, reserved 1048576K
}
Event: 8.539 GC heap before
{Heap before GC invocations=25 (full 0):
 garbage-first heap   total 117760K, used 91006K [0x0000000080000000, 0x0000000100000000)
  region size 1024K, 32 young (32768K), 4 survivors (4096K)
 Metaspace       used 76356K, committed 76928K, reserved 1122304K
  class space    used 10094K, committed 10368K, reserved 1048576K
}

